

Started GET "/" for ::1 at 2016-07-14 10:34:00 -0400
Processing by PokemonController#index as HTML
  Rendered pokemon/index.html.erb within layouts/application (6.0ms)
Completed 200 OK in 2673ms (Views: 1337.8ms | ActiveRecord: 0.0ms)


Started GET "/assets/twitter-bootstrap-static/bootstrap.self-77d963462a71b85aa6c39f0110994006fed4301154d937da52eb3884ff813853.css?body=1" for ::1 at 2016-07-14 10:34:04 -0400


Started GET "/assets/twitter-bootstrap-static/fontawesome.self-c1a8821f7eb1b195061d7706930814ecc6bd44db4c68f208da5fe14845fa11ea.css?body=1" for ::1 at 2016-07-14 10:34:04 -0400


Started GET "/assets/application.self-e80e8f2318043e8af94dddc2adad5a4f09739a8ebb323b3ab31cd71d45fd9113.css?body=1" for ::1 at 2016-07-14 10:34:04 -0400


Started GET "/assets/pokemon_api.self-e3b0c44298fc1c149afbf4c8996fb92427ae41e4649b934ca495991b7852b855.css?body=1" for ::1 at 2016-07-14 10:34:04 -0400


Started GET "/assets/bootstrap_and_overrides.self-2cb3834583dfbaf0a39c7139750bf963e05d79cbe811126997e013400be5d8dc.css?body=1" for ::1 at 2016-07-14 10:34:04 -0400


Started GET "/assets/pokemon.self-cbb9ca64f2c126ce97f08942ecd179fc66a92674c3aa684de01395b2d93a9fb0.css?body=1" for ::1 at 2016-07-14 10:34:04 -0400


Started GET "/assets/jquery.self-a714331225dda820228db323939889f149aec0127aeb06255646b616ba1ca419.js?body=1" for ::1 at 2016-07-14 10:34:04 -0400


Started GET "/assets/jquery_ujs.self-d456baa54c1fa6be2ec3711f0a72ddf7a5b2f34a6b4f515f33767d6207b7d4b3.js?body=1" for ::1 at 2016-07-14 10:34:04 -0400


Started GET "/assets/twitter/bootstrap/transition.self-db278e3a8fa6249c16796b113ebd29e11ef4e2cd021618ed84895d524a4511e0.js?body=1" for ::1 at 2016-07-14 10:34:04 -0400


Started GET "/assets/twitter/bootstrap/alert.self-ebce91ec66c71bcee451ea7da9128fd1bf8faa02c6d22ea04c598423431e4c08.js?body=1" for ::1 at 2016-07-14 10:34:04 -0400


Started GET "/assets/twitter/bootstrap/modal.self-ab1767545e27c0dbd36971e656ae4927171f673e3d932cdec2cbef39e991952b.js?body=1" for ::1 at 2016-07-14 10:34:04 -0400


Started GET "/assets/twitter/bootstrap/dropdown.self-8bb9309b6c24a4ba6b94026a049d25b13bdc0553b6fe83255c14a715ba624cc4.js?body=1" for ::1 at 2016-07-14 10:34:04 -0400


Started GET "/assets/twitter/bootstrap/scrollspy.self-bd0c6724cdc75302fe98dfeff923112b76c1673cf4a0752a7050b7feea15594c.js?body=1" for ::1 at 2016-07-14 10:34:04 -0400


Started GET "/assets/twitter/bootstrap/button.self-ceb562de883e04359bb2c06f07bdf6ecf065cc8a5027e2e58857c5e91b0b68e3.js?body=1" for ::1 at 2016-07-14 10:34:04 -0400


Started GET "/assets/twitter/bootstrap/tab.self-7e3ee4a243bb416b5f0111a0be08f8547c5d72ba71fe4afe4a4a007f5cb4e10e.js?body=1" for ::1 at 2016-07-14 10:34:04 -0400


Started GET "/assets/twitter/bootstrap/popover.self-cd672ecad3b549e1dbd89bfd044e5812d6fdade56f42d48e3acee0c3f4614526.js?body=1" for ::1 at 2016-07-14 10:34:04 -0400


Started GET "/assets/twitter/bootstrap/tooltip.self-d7f9330825307d053f68da11bb9ddc9b070df72deef3d115f2f3d55f66b17457.js?body=1" for ::1 at 2016-07-14 10:34:04 -0400


Started GET "/assets/twitter/bootstrap/collapse.self-a87553101c955a01e2e8c81fad69a16582ddbf58fe95d5eb335dde5567af7647.js?body=1" for ::1 at 2016-07-14 10:34:04 -0400


Started GET "/assets/twitter/bootstrap/affix.self-14e04bbe71282aa039322ab93e3a3a886ddede5f59a2f365f7c861f697bbeb21.js?body=1" for ::1 at 2016-07-14 10:34:04 -0400


Started GET "/assets/twitter/bootstrap.self-fbfa5ad7d9aa0afe439ec4ff3883acc4cb92b62cb67c40d674320c9aa1d4642d.js?body=1" for ::1 at 2016-07-14 10:34:04 -0400


Started GET "/assets/bootstrap.self-5afe7e91ef3675e2be97b8d060a7f3755d6dbc615b76df476df55143da70679f.js?body=1" for ::1 at 2016-07-14 10:34:04 -0400


Started GET "/assets/twitter/bootstrap/carousel.self-5d09995e01b647168888180d40e271f9a6759d68ae7ac029d7026af58813d376.js?body=1" for ::1 at 2016-07-14 10:34:04 -0400


Started GET "/assets/pokemon.self-19a187bec6cdb96d6de80a61c16c857c613536adf9138476bd367db38d282635.js?body=1" for ::1 at 2016-07-14 10:34:04 -0400


Started GET "/assets/application.self-3b8dabdc891efe46b9a144b400ad69e37d7e5876bdc39dee783419a69d7ca819.js?body=1" for ::1 at 2016-07-14 10:34:04 -0400


Started GET "/assets/pokemon_solid-webfont.woff2" for ::1 at 2016-07-14 10:34:04 -0400


Started GET "/" for ::1 at 2016-07-14 11:45:43 -0400
Processing by PokemonController#index as HTML
  Rendered pokemon/index.html.erb within layouts/application (5.9ms)
Completed 200 OK in 1228ms (Views: 658.8ms | ActiveRecord: 0.0ms)


Started GET "/assets/jquery.self-a714331225dda820228db323939889f149aec0127aeb06255646b616ba1ca419.js?body=1" for ::1 at 2016-07-14 11:45:44 -0400


Started GET "/assets/twitter/bootstrap/dropdown.self-8bb9309b6c24a4ba6b94026a049d25b13bdc0553b6fe83255c14a715ba624cc4.js?body=1" for ::1 at 2016-07-14 11:45:44 -0400


Started GET "/assets/twitter/bootstrap/alert.self-ebce91ec66c71bcee451ea7da9128fd1bf8faa02c6d22ea04c598423431e4c08.js?body=1" for ::1 at 2016-07-14 11:45:44 -0400


Started GET "/assets/twitter/bootstrap/modal.self-ab1767545e27c0dbd36971e656ae4927171f673e3d932cdec2cbef39e991952b.js?body=1" for ::1 at 2016-07-14 11:45:44 -0400


Started GET "/assets/jquery_ujs.self-d456baa54c1fa6be2ec3711f0a72ddf7a5b2f34a6b4f515f33767d6207b7d4b3.js?body=1" for ::1 at 2016-07-14 11:45:44 -0400


Started GET "/assets/twitter/bootstrap/transition.self-db278e3a8fa6249c16796b113ebd29e11ef4e2cd021618ed84895d524a4511e0.js?body=1" for ::1 at 2016-07-14 11:45:44 -0400


Started GET "/assets/twitter/bootstrap/tab.self-7e3ee4a243bb416b5f0111a0be08f8547c5d72ba71fe4afe4a4a007f5cb4e10e.js?body=1" for ::1 at 2016-07-14 11:45:44 -0400


Started GET "/assets/twitter/bootstrap/tooltip.self-d7f9330825307d053f68da11bb9ddc9b070df72deef3d115f2f3d55f66b17457.js?body=1" for ::1 at 2016-07-14 11:45:44 -0400


Started GET "/assets/twitter/bootstrap/popover.self-cd672ecad3b549e1dbd89bfd044e5812d6fdade56f42d48e3acee0c3f4614526.js?body=1" for ::1 at 2016-07-14 11:45:44 -0400


Started GET "/assets/twitter/bootstrap/button.self-ceb562de883e04359bb2c06f07bdf6ecf065cc8a5027e2e58857c5e91b0b68e3.js?body=1" for ::1 at 2016-07-14 11:45:44 -0400


Started GET "/assets/twitter/bootstrap/collapse.self-a87553101c955a01e2e8c81fad69a16582ddbf58fe95d5eb335dde5567af7647.js?body=1" for ::1 at 2016-07-14 11:45:44 -0400


Started GET "/assets/twitter/bootstrap/carousel.self-5d09995e01b647168888180d40e271f9a6759d68ae7ac029d7026af58813d376.js?body=1" for ::1 at 2016-07-14 11:45:44 -0400


Started GET "/assets/twitter/bootstrap/affix.self-14e04bbe71282aa039322ab93e3a3a886ddede5f59a2f365f7c861f697bbeb21.js?body=1" for ::1 at 2016-07-14 11:45:44 -0400


Started GET "/assets/init.self-7231e4ea221b05710e39669cd2a7eb22e43416ad0b826eae25a2516d039dec4c.js?body=1" for ::1 at 2016-07-14 11:45:45 -0400


Started GET "/assets/twitter/bootstrap/scrollspy.self-bd0c6724cdc75302fe98dfeff923112b76c1673cf4a0752a7050b7feea15594c.js?body=1" for ::1 at 2016-07-14 11:45:45 -0400


Started GET "/assets/pokemon.self-7018cc8fd4a22b7f131dc965f6b43677727dd4a3ed18d59b8e3b5eabf97049cd.js?body=1" for ::1 at 2016-07-14 11:45:45 -0400


Started GET "/assets/application.self-f8806224e027f3e3f0138ea9ce99319e298dfdb323304d1f1be6eae8e8c74724.js?body=1" for ::1 at 2016-07-14 11:45:45 -0400


Started GET "/assets/pokemon_solid-webfont.woff2" for ::1 at 2016-07-14 11:45:45 -0400


Started GET "/" for ::1 at 2016-07-14 11:46:36 -0400
Processing by PokemonController#index as HTML
  Rendered pokemon/index.html.erb within layouts/application (4.5ms)
Completed 200 OK in 564ms (Views: 516.0ms | ActiveRecord: 0.0ms)


Started GET "/assets/pokemon.self-35a7f6c6b9428b5d227b6c19fe99fdad3e4b85f32084d8a526c0588d96660b2a.js?body=1" for ::1 at 2016-07-14 11:46:37 -0400


Started GET "/" for ::1 at 2016-07-14 11:46:49 -0400
Processing by PokemonController#index as HTML
  Rendered pokemon/index.html.erb within layouts/application (4.6ms)
Completed 200 OK in 293ms (Views: 287.1ms | ActiveRecord: 0.0ms)


Started GET "/assets/pokemon.self-821d2fe86b4340e05213179cb98b7579b7c1612eda28e79a6311f834cc495ade.js?body=1" for ::1 at 2016-07-14 11:46:50 -0400


Started GET "/" for ::1 at 2016-07-14 11:47:12 -0400
Processing by PokemonController#index as HTML
  Rendered pokemon/index.html.erb within layouts/application (4.2ms)
Completed 200 OK in 311ms (Views: 304.4ms | ActiveRecord: 0.0ms)


Started GET "/assets/pokemon.self-6ee20d9760cb974b60aaa16dc845a05d87eccb530a64d65e9e92407eabe43284.js?body=1" for ::1 at 2016-07-14 11:47:12 -0400


Started GET "/" for ::1 at 2016-07-14 12:01:04 -0400
Processing by PokemonController#index as HTML
  Rendered pokemon/index.html.erb within layouts/application (15.5ms)
Completed 200 OK in 492ms (Views: 476.0ms | ActiveRecord: 0.0ms)


Started GET "/assets/bootstrap_and_overrides.self-2cb3834583dfbaf0a39c7139750bf963e05d79cbe811126997e013400be5d8dc.css?body=1" for ::1 at 2016-07-14 12:01:04 -0400


Started GET "/assets/twitter-bootstrap-static/fontawesome.self-c1a8821f7eb1b195061d7706930814ecc6bd44db4c68f208da5fe14845fa11ea.css?body=1" for ::1 at 2016-07-14 12:01:04 -0400


Started GET "/assets/twitter-bootstrap-static/bootstrap.self-77d963462a71b85aa6c39f0110994006fed4301154d937da52eb3884ff813853.css?body=1" for ::1 at 2016-07-14 12:01:04 -0400


Started GET "/assets/pokemon_api.self-e3b0c44298fc1c149afbf4c8996fb92427ae41e4649b934ca495991b7852b855.css?body=1" for ::1 at 2016-07-14 12:01:04 -0400


Started GET "/assets/jquery.self-a714331225dda820228db323939889f149aec0127aeb06255646b616ba1ca419.js?body=1" for ::1 at 2016-07-14 12:01:04 -0400


Started GET "/assets/pokemon.self-cbb9ca64f2c126ce97f08942ecd179fc66a92674c3aa684de01395b2d93a9fb0.css?body=1" for ::1 at 2016-07-14 12:01:04 -0400


Started GET "/assets/application.self-e80e8f2318043e8af94dddc2adad5a4f09739a8ebb323b3ab31cd71d45fd9113.css?body=1" for ::1 at 2016-07-14 12:01:04 -0400


Started GET "/assets/jquery_ujs.self-d456baa54c1fa6be2ec3711f0a72ddf7a5b2f34a6b4f515f33767d6207b7d4b3.js?body=1" for ::1 at 2016-07-14 12:01:04 -0400


Started GET "/assets/twitter/bootstrap/transition.self-db278e3a8fa6249c16796b113ebd29e11ef4e2cd021618ed84895d524a4511e0.js?body=1" for ::1 at 2016-07-14 12:01:04 -0400


Started GET "/assets/twitter/bootstrap/tooltip.self-d7f9330825307d053f68da11bb9ddc9b070df72deef3d115f2f3d55f66b17457.js?body=1" for ::1 at 2016-07-14 12:01:04 -0400


Started GET "/assets/twitter/bootstrap/alert.self-ebce91ec66c71bcee451ea7da9128fd1bf8faa02c6d22ea04c598423431e4c08.js?body=1" for ::1 at 2016-07-14 12:01:04 -0400


Started GET "/assets/twitter/bootstrap/dropdown.self-8bb9309b6c24a4ba6b94026a049d25b13bdc0553b6fe83255c14a715ba624cc4.js?body=1" for ::1 at 2016-07-14 12:01:04 -0400


Started GET "/assets/twitter/bootstrap/scrollspy.self-bd0c6724cdc75302fe98dfeff923112b76c1673cf4a0752a7050b7feea15594c.js?body=1" for ::1 at 2016-07-14 12:01:04 -0400


Started GET "/assets/twitter/bootstrap/tab.self-7e3ee4a243bb416b5f0111a0be08f8547c5d72ba71fe4afe4a4a007f5cb4e10e.js?body=1" for ::1 at 2016-07-14 12:01:04 -0400


Started GET "/assets/twitter/bootstrap/modal.self-ab1767545e27c0dbd36971e656ae4927171f673e3d932cdec2cbef39e991952b.js?body=1" for ::1 at 2016-07-14 12:01:04 -0400


Started GET "/assets/twitter/bootstrap/popover.self-cd672ecad3b549e1dbd89bfd044e5812d6fdade56f42d48e3acee0c3f4614526.js?body=1" for ::1 at 2016-07-14 12:01:04 -0400


Started GET "/assets/twitter/bootstrap/button.self-ceb562de883e04359bb2c06f07bdf6ecf065cc8a5027e2e58857c5e91b0b68e3.js?body=1" for ::1 at 2016-07-14 12:01:04 -0400


Started GET "/assets/twitter/bootstrap/collapse.self-a87553101c955a01e2e8c81fad69a16582ddbf58fe95d5eb335dde5567af7647.js?body=1" for ::1 at 2016-07-14 12:01:04 -0400


Started GET "/assets/twitter/bootstrap/carousel.self-5d09995e01b647168888180d40e271f9a6759d68ae7ac029d7026af58813d376.js?body=1" for ::1 at 2016-07-14 12:01:04 -0400


Started GET "/assets/twitter/bootstrap/affix.self-14e04bbe71282aa039322ab93e3a3a886ddede5f59a2f365f7c861f697bbeb21.js?body=1" for ::1 at 2016-07-14 12:01:04 -0400


Started GET "/assets/twitter/bootstrap.self-fbfa5ad7d9aa0afe439ec4ff3883acc4cb92b62cb67c40d674320c9aa1d4642d.js?body=1" for ::1 at 2016-07-14 12:01:04 -0400


Started GET "/assets/bootstrap.self-5afe7e91ef3675e2be97b8d060a7f3755d6dbc615b76df476df55143da70679f.js?body=1" for ::1 at 2016-07-14 12:01:04 -0400


Started GET "/assets/pokemon.self-e8b8c513bfb4d74c9383a00f69a1401d6eea6f61bd8caccd1ac28f8ecf4ebaa1.js?body=1" for ::1 at 2016-07-14 12:01:04 -0400


Started GET "/assets/init.self-7231e4ea221b05710e39669cd2a7eb22e43416ad0b826eae25a2516d039dec4c.js?body=1" for ::1 at 2016-07-14 12:01:04 -0400


Started GET "/assets/application.self-f8806224e027f3e3f0138ea9ce99319e298dfdb323304d1f1be6eae8e8c74724.js?body=1" for ::1 at 2016-07-14 12:01:04 -0400


Started GET "/api/pokemon8" for ::1 at 2016-07-14 12:01:05 -0400
Processing by PokemonApiController#forward as */*
  Parameters: {"uri"=>"pokemon8"}
Completed 200 OK in 812ms (Views: 0.2ms | ActiveRecord: 0.0ms)


Started GET "/api/pokemon8" for ::1 at 2016-07-14 12:01:11 -0400
Processing by PokemonApiController#forward as */*
  Parameters: {"uri"=>"pokemon8"}
Completed 200 OK in 2ms (Views: 0.1ms | ActiveRecord: 0.0ms)


Started GET "/" for ::1 at 2016-07-14 12:01:33 -0400
Processing by PokemonController#index as HTML
  Rendered pokemon/index.html.erb within layouts/application (4.1ms)
Completed 200 OK in 277ms (Views: 271.2ms | ActiveRecord: 0.0ms)


Started GET "/assets/twitter-bootstrap-static/bootstrap.self-77d963462a71b85aa6c39f0110994006fed4301154d937da52eb3884ff813853.css?body=1" for ::1 at 2016-07-14 12:01:33 -0400


Started GET "/assets/bootstrap_and_overrides.self-2cb3834583dfbaf0a39c7139750bf963e05d79cbe811126997e013400be5d8dc.css?body=1" for ::1 at 2016-07-14 12:01:33 -0400


Started GET "/assets/application.self-e80e8f2318043e8af94dddc2adad5a4f09739a8ebb323b3ab31cd71d45fd9113.css?body=1" for ::1 at 2016-07-14 12:01:33 -0400


Started GET "/assets/twitter-bootstrap-static/fontawesome.self-c1a8821f7eb1b195061d7706930814ecc6bd44db4c68f208da5fe14845fa11ea.css?body=1" for ::1 at 2016-07-14 12:01:33 -0400


Started GET "/assets/pokemon_api.self-e3b0c44298fc1c149afbf4c8996fb92427ae41e4649b934ca495991b7852b855.css?body=1" for ::1 at 2016-07-14 12:01:33 -0400


Started GET "/assets/pokemon.self-cbb9ca64f2c126ce97f08942ecd179fc66a92674c3aa684de01395b2d93a9fb0.css?body=1" for ::1 at 2016-07-14 12:01:33 -0400


Started GET "/assets/jquery.self-a714331225dda820228db323939889f149aec0127aeb06255646b616ba1ca419.js?body=1" for ::1 at 2016-07-14 12:01:33 -0400


Started GET "/assets/jquery_ujs.self-d456baa54c1fa6be2ec3711f0a72ddf7a5b2f34a6b4f515f33767d6207b7d4b3.js?body=1" for ::1 at 2016-07-14 12:01:34 -0400


Started GET "/assets/twitter/bootstrap/transition.self-db278e3a8fa6249c16796b113ebd29e11ef4e2cd021618ed84895d524a4511e0.js?body=1" for ::1 at 2016-07-14 12:01:34 -0400


Started GET "/assets/twitter/bootstrap/alert.self-ebce91ec66c71bcee451ea7da9128fd1bf8faa02c6d22ea04c598423431e4c08.js?body=1" for ::1 at 2016-07-14 12:01:34 -0400


Started GET "/assets/twitter/bootstrap/modal.self-ab1767545e27c0dbd36971e656ae4927171f673e3d932cdec2cbef39e991952b.js?body=1" for ::1 at 2016-07-14 12:01:34 -0400


Started GET "/assets/twitter/bootstrap/dropdown.self-8bb9309b6c24a4ba6b94026a049d25b13bdc0553b6fe83255c14a715ba624cc4.js?body=1" for ::1 at 2016-07-14 12:01:34 -0400


Started GET "/assets/twitter/bootstrap/scrollspy.self-bd0c6724cdc75302fe98dfeff923112b76c1673cf4a0752a7050b7feea15594c.js?body=1" for ::1 at 2016-07-14 12:01:34 -0400


Started GET "/assets/twitter/bootstrap/tab.self-7e3ee4a243bb416b5f0111a0be08f8547c5d72ba71fe4afe4a4a007f5cb4e10e.js?body=1" for ::1 at 2016-07-14 12:01:34 -0400


Started GET "/assets/twitter/bootstrap/tooltip.self-d7f9330825307d053f68da11bb9ddc9b070df72deef3d115f2f3d55f66b17457.js?body=1" for ::1 at 2016-07-14 12:01:34 -0400


Started GET "/assets/twitter/bootstrap/button.self-ceb562de883e04359bb2c06f07bdf6ecf065cc8a5027e2e58857c5e91b0b68e3.js?body=1" for ::1 at 2016-07-14 12:01:34 -0400


Started GET "/assets/twitter/bootstrap/popover.self-cd672ecad3b549e1dbd89bfd044e5812d6fdade56f42d48e3acee0c3f4614526.js?body=1" for ::1 at 2016-07-14 12:01:34 -0400


Started GET "/assets/twitter/bootstrap/collapse.self-a87553101c955a01e2e8c81fad69a16582ddbf58fe95d5eb335dde5567af7647.js?body=1" for ::1 at 2016-07-14 12:01:34 -0400


Started GET "/assets/twitter/bootstrap/carousel.self-5d09995e01b647168888180d40e271f9a6759d68ae7ac029d7026af58813d376.js?body=1" for ::1 at 2016-07-14 12:01:34 -0400


Started GET "/assets/twitter/bootstrap.self-fbfa5ad7d9aa0afe439ec4ff3883acc4cb92b62cb67c40d674320c9aa1d4642d.js?body=1" for ::1 at 2016-07-14 12:01:34 -0400


Started GET "/assets/init.self-7231e4ea221b05710e39669cd2a7eb22e43416ad0b826eae25a2516d039dec4c.js?body=1" for ::1 at 2016-07-14 12:01:34 -0400


Started GET "/assets/twitter/bootstrap/affix.self-14e04bbe71282aa039322ab93e3a3a886ddede5f59a2f365f7c861f697bbeb21.js?body=1" for ::1 at 2016-07-14 12:01:34 -0400


Started GET "/assets/application.self-f8806224e027f3e3f0138ea9ce99319e298dfdb323304d1f1be6eae8e8c74724.js?body=1" for ::1 at 2016-07-14 12:01:34 -0400


Started GET "/assets/pokemon.self-c402e8c26d49138e34cd26e74d4f0d3e46a4c49f5151e9834d08dccd2e3dfaab.js?body=1" for ::1 at 2016-07-14 12:01:34 -0400


Started GET "/assets/bootstrap.self-5afe7e91ef3675e2be97b8d060a7f3755d6dbc615b76df476df55143da70679f.js?body=1" for ::1 at 2016-07-14 12:01:34 -0400


Started GET "/api/pokemon/8" for ::1 at 2016-07-14 12:01:35 -0400
Processing by PokemonApiController#forward as */*
  Parameters: {"uri"=>"pokemon/8"}
Completed 200 OK in 40634ms (Views: 0.1ms | ActiveRecord: 0.0ms)


Started GET "/" for ::1 at 2016-07-14 12:02:15 -0400
Processing by PokemonController#index as HTML
  Rendered pokemon/index.html.erb within layouts/application (4.1ms)
Completed 200 OK in 151ms (Views: 145.6ms | ActiveRecord: 0.0ms)


Started GET "/" for ::1 at 2016-07-14 12:02:15 -0400
Processing by PokemonController#index as HTML
  Rendered pokemon/index.html.erb within layouts/application (4.7ms)
Completed 200 OK in 116ms (Views: 112.9ms | ActiveRecord: 0.0ms)


Started GET "/" for ::1 at 2016-07-14 12:02:15 -0400
Processing by PokemonController#index as HTML
  Rendered pokemon/index.html.erb within layouts/application (3.5ms)
Completed 200 OK in 107ms (Views: 104.7ms | ActiveRecord: 0.0ms)


Started GET "/" for ::1 at 2016-07-14 12:02:16 -0400
Processing by PokemonController#index as HTML
  Rendered pokemon/index.html.erb within layouts/application (3.8ms)
Completed 200 OK in 153ms (Views: 150.2ms | ActiveRecord: 0.0ms)


Started GET "/assets/twitter-bootstrap-static/bootstrap.self-77d963462a71b85aa6c39f0110994006fed4301154d937da52eb3884ff813853.css?body=1" for ::1 at 2016-07-14 12:02:16 -0400


Started GET "/assets/twitter-bootstrap-static/fontawesome.self-c1a8821f7eb1b195061d7706930814ecc6bd44db4c68f208da5fe14845fa11ea.css?body=1" for ::1 at 2016-07-14 12:02:16 -0400


Started GET "/assets/jquery.self-a714331225dda820228db323939889f149aec0127aeb06255646b616ba1ca419.js?body=1" for ::1 at 2016-07-14 12:02:16 -0400


Started GET "/assets/application.self-e80e8f2318043e8af94dddc2adad5a4f09739a8ebb323b3ab31cd71d45fd9113.css?body=1" for ::1 at 2016-07-14 12:02:16 -0400


Started GET "/assets/bootstrap_and_overrides.self-2cb3834583dfbaf0a39c7139750bf963e05d79cbe811126997e013400be5d8dc.css?body=1" for ::1 at 2016-07-14 12:02:16 -0400


Started GET "/assets/jquery_ujs.self-d456baa54c1fa6be2ec3711f0a72ddf7a5b2f34a6b4f515f33767d6207b7d4b3.js?body=1" for ::1 at 2016-07-14 12:02:16 -0400


Started GET "/assets/twitter/bootstrap/modal.self-ab1767545e27c0dbd36971e656ae4927171f673e3d932cdec2cbef39e991952b.js?body=1" for ::1 at 2016-07-14 12:02:16 -0400


Started GET "/assets/twitter/bootstrap/alert.self-ebce91ec66c71bcee451ea7da9128fd1bf8faa02c6d22ea04c598423431e4c08.js?body=1" for ::1 at 2016-07-14 12:02:16 -0400


Started GET "/assets/pokemon.self-cbb9ca64f2c126ce97f08942ecd179fc66a92674c3aa684de01395b2d93a9fb0.css?body=1" for ::1 at 2016-07-14 12:02:16 -0400


Started GET "/assets/pokemon_api.self-e3b0c44298fc1c149afbf4c8996fb92427ae41e4649b934ca495991b7852b855.css?body=1" for ::1 at 2016-07-14 12:02:16 -0400


Started GET "/assets/twitter/bootstrap/transition.self-db278e3a8fa6249c16796b113ebd29e11ef4e2cd021618ed84895d524a4511e0.js?body=1" for ::1 at 2016-07-14 12:02:16 -0400


Started GET "/assets/twitter/bootstrap/dropdown.self-8bb9309b6c24a4ba6b94026a049d25b13bdc0553b6fe83255c14a715ba624cc4.js?body=1" for ::1 at 2016-07-14 12:02:16 -0400


Started GET "/assets/twitter/bootstrap/scrollspy.self-bd0c6724cdc75302fe98dfeff923112b76c1673cf4a0752a7050b7feea15594c.js?body=1" for ::1 at 2016-07-14 12:02:16 -0400


Started GET "/assets/twitter/bootstrap/tab.self-7e3ee4a243bb416b5f0111a0be08f8547c5d72ba71fe4afe4a4a007f5cb4e10e.js?body=1" for ::1 at 2016-07-14 12:02:16 -0400


Started GET "/assets/twitter/bootstrap/tooltip.self-d7f9330825307d053f68da11bb9ddc9b070df72deef3d115f2f3d55f66b17457.js?body=1" for ::1 at 2016-07-14 12:02:16 -0400


Started GET "/assets/twitter/bootstrap/popover.self-cd672ecad3b549e1dbd89bfd044e5812d6fdade56f42d48e3acee0c3f4614526.js?body=1" for ::1 at 2016-07-14 12:02:16 -0400


Started GET "/assets/twitter/bootstrap/button.self-ceb562de883e04359bb2c06f07bdf6ecf065cc8a5027e2e58857c5e91b0b68e3.js?body=1" for ::1 at 2016-07-14 12:02:16 -0400


Started GET "/assets/twitter/bootstrap/collapse.self-a87553101c955a01e2e8c81fad69a16582ddbf58fe95d5eb335dde5567af7647.js?body=1" for ::1 at 2016-07-14 12:02:16 -0400


Started GET "/assets/twitter/bootstrap/carousel.self-5d09995e01b647168888180d40e271f9a6759d68ae7ac029d7026af58813d376.js?body=1" for ::1 at 2016-07-14 12:02:16 -0400


Started GET "/assets/twitter/bootstrap/affix.self-14e04bbe71282aa039322ab93e3a3a886ddede5f59a2f365f7c861f697bbeb21.js?body=1" for ::1 at 2016-07-14 12:02:16 -0400


Started GET "/assets/twitter/bootstrap.self-fbfa5ad7d9aa0afe439ec4ff3883acc4cb92b62cb67c40d674320c9aa1d4642d.js?body=1" for ::1 at 2016-07-14 12:02:16 -0400


Started GET "/assets/init.self-7231e4ea221b05710e39669cd2a7eb22e43416ad0b826eae25a2516d039dec4c.js?body=1" for ::1 at 2016-07-14 12:02:16 -0400


Started GET "/assets/bootstrap.self-5afe7e91ef3675e2be97b8d060a7f3755d6dbc615b76df476df55143da70679f.js?body=1" for ::1 at 2016-07-14 12:02:16 -0400


Started GET "/assets/application.self-f8806224e027f3e3f0138ea9ce99319e298dfdb323304d1f1be6eae8e8c74724.js?body=1" for ::1 at 2016-07-14 12:02:16 -0400


Started GET "/assets/pokemon_solid-webfont.woff2" for ::1 at 2016-07-14 12:02:16 -0400


Started GET "/api/pokemon/23" for ::1 at 2016-07-14 12:02:18 -0400
Processing by PokemonApiController#forward as */*
  Parameters: {"uri"=>"pokemon/23"}
Completed 200 OK in 12681ms (Views: 0.1ms | ActiveRecord: 0.0ms)


Started GET "/api/pokemon/23" for ::1 at 2016-07-14 12:02:31 -0400
Processing by PokemonApiController#forward as */*
  Parameters: {"uri"=>"pokemon/23"}
Completed 200 OK in 2ms (Views: 0.1ms | ActiveRecord: 0.0ms)


Started GET "/api/pokemon/8" for ::1 at 2016-07-14 12:04:18 -0400
Processing by PokemonApiController#forward as */*
  Parameters: {"uri"=>"pokemon/8"}
Completed 200 OK in 38ms (Views: 1.0ms | ActiveRecord: 0.0ms)


Started GET "/" for ::1 at 2016-07-14 12:18:03 -0400
Processing by PokemonController#index as HTML
  Rendered pokemon/index.html.erb within layouts/application (12.0ms)
Completed 200 OK in 461ms (Views: 439.6ms | ActiveRecord: 0.0ms)


Started GET "/assets/twitter-bootstrap-static/bootstrap.self-77d963462a71b85aa6c39f0110994006fed4301154d937da52eb3884ff813853.css?body=1" for ::1 at 2016-07-14 12:18:03 -0400


Started GET "/assets/jquery.self-a714331225dda820228db323939889f149aec0127aeb06255646b616ba1ca419.js?body=1" for ::1 at 2016-07-14 12:18:03 -0400


Started GET "/assets/pokemon.self-d660d77c8b392cb1dab2ec91b516c83f898fd126f36ca78c99beee33cec0512e.js?body=1" for ::1 at 2016-07-14 12:18:03 -0400


Started GET "/api/pokemon/8" for ::1 at 2016-07-14 12:18:05 -0400
Processing by PokemonApiController#forward as */*
  Parameters: {"uri"=>"pokemon/8"}
Completed 200 OK in 2ms (Views: 0.2ms | ActiveRecord: 0.0ms)


Started GET "/api/pokemon/11" for ::1 at 2016-07-14 12:18:12 -0400
Processing by PokemonApiController#forward as */*
  Parameters: {"uri"=>"pokemon/11"}
Completed 200 OK in 3177ms (Views: 0.1ms | ActiveRecord: 0.0ms)


Started GET "/api/pokemon/11" for ::1 at 2016-07-14 12:18:15 -0400
Processing by PokemonApiController#forward as */*
  Parameters: {"uri"=>"pokemon/11"}
Completed 200 OK in 3ms (Views: 0.1ms | ActiveRecord: 0.0ms)


Started GET "/" for ::1 at 2016-07-14 12:18:31 -0400
Processing by PokemonController#index as HTML
  Rendered pokemon/index.html.erb within layouts/application (3.9ms)
Completed 200 OK in 247ms (Views: 240.8ms | ActiveRecord: 0.0ms)


Started GET "/assets/twitter-bootstrap-static/bootstrap.self-77d963462a71b85aa6c39f0110994006fed4301154d937da52eb3884ff813853.css?body=1" for ::1 at 2016-07-14 12:18:31 -0400


Started GET "/assets/jquery.self-a714331225dda820228db323939889f149aec0127aeb06255646b616ba1ca419.js?body=1" for ::1 at 2016-07-14 12:18:31 -0400


Started GET "/assets/pokemon.self-160906fa7f4ff07a939c689fb6aad62e3f6d822f554e7b2792db348d7f937818.js?body=1" for ::1 at 2016-07-14 12:18:31 -0400


Started GET "/api/pokemon/8" for ::1 at 2016-07-14 12:18:32 -0400
Processing by PokemonApiController#forward as */*
  Parameters: {"uri"=>"pokemon/8"}
Completed 200 OK in 1ms (Views: 0.2ms | ActiveRecord: 0.0ms)


Started GET "/api/pokemon/11" for ::1 at 2016-07-14 12:18:35 -0400
Processing by PokemonApiController#forward as */*
  Parameters: {"uri"=>"pokemon/11"}
Completed 200 OK in 1ms (Views: 0.1ms | ActiveRecord: 0.0ms)


Started GET "/api/pokemon/8" for ::1 at 2016-07-14 12:18:48 -0400
Processing by PokemonApiController#forward as */*
  Parameters: {"uri"=>"pokemon/8"}
Completed 200 OK in 1ms (Views: 0.1ms | ActiveRecord: 0.0ms)


Started GET "/" for ::1 at 2016-07-14 12:18:50 -0400
Processing by PokemonController#index as HTML
  Rendered pokemon/index.html.erb within layouts/application (4.1ms)
Completed 200 OK in 280ms (Views: 274.3ms | ActiveRecord: 0.0ms)


Started GET "/assets/twitter-bootstrap-static/fontawesome.self-c1a8821f7eb1b195061d7706930814ecc6bd44db4c68f208da5fe14845fa11ea.css?body=1" for ::1 at 2016-07-14 12:18:51 -0400


Started GET "/assets/bootstrap_and_overrides.self-2cb3834583dfbaf0a39c7139750bf963e05d79cbe811126997e013400be5d8dc.css?body=1" for ::1 at 2016-07-14 12:18:51 -0400


Started GET "/assets/twitter-bootstrap-static/bootstrap.self-77d963462a71b85aa6c39f0110994006fed4301154d937da52eb3884ff813853.css?body=1" for ::1 at 2016-07-14 12:18:51 -0400


Started GET "/assets/jquery_ujs.self-d456baa54c1fa6be2ec3711f0a72ddf7a5b2f34a6b4f515f33767d6207b7d4b3.js?body=1" for ::1 at 2016-07-14 12:18:51 -0400


Started GET "/assets/pokemon.self-cbb9ca64f2c126ce97f08942ecd179fc66a92674c3aa684de01395b2d93a9fb0.css?body=1" for ::1 at 2016-07-14 12:18:51 -0400


Started GET "/assets/pokemon_api.self-e3b0c44298fc1c149afbf4c8996fb92427ae41e4649b934ca495991b7852b855.css?body=1" for ::1 at 2016-07-14 12:18:51 -0400


Started GET "/assets/application.self-e80e8f2318043e8af94dddc2adad5a4f09739a8ebb323b3ab31cd71d45fd9113.css?body=1" for ::1 at 2016-07-14 12:18:51 -0400


Started GET "/assets/twitter/bootstrap/transition.self-db278e3a8fa6249c16796b113ebd29e11ef4e2cd021618ed84895d524a4511e0.js?body=1" for ::1 at 2016-07-14 12:18:51 -0400


Started GET "/assets/twitter/bootstrap/alert.self-ebce91ec66c71bcee451ea7da9128fd1bf8faa02c6d22ea04c598423431e4c08.js?body=1" for ::1 at 2016-07-14 12:18:51 -0400


Started GET "/assets/twitter/bootstrap/modal.self-ab1767545e27c0dbd36971e656ae4927171f673e3d932cdec2cbef39e991952b.js?body=1" for ::1 at 2016-07-14 12:18:51 -0400


Started GET "/assets/twitter/bootstrap/scrollspy.self-bd0c6724cdc75302fe98dfeff923112b76c1673cf4a0752a7050b7feea15594c.js?body=1" for ::1 at 2016-07-14 12:18:51 -0400


Started GET "/assets/twitter/bootstrap/tab.self-7e3ee4a243bb416b5f0111a0be08f8547c5d72ba71fe4afe4a4a007f5cb4e10e.js?body=1" for ::1 at 2016-07-14 12:18:51 -0400


Started GET "/assets/twitter/bootstrap/tooltip.self-d7f9330825307d053f68da11bb9ddc9b070df72deef3d115f2f3d55f66b17457.js?body=1" for ::1 at 2016-07-14 12:18:51 -0400


Started GET "/assets/twitter/bootstrap/dropdown.self-8bb9309b6c24a4ba6b94026a049d25b13bdc0553b6fe83255c14a715ba624cc4.js?body=1" for ::1 at 2016-07-14 12:18:51 -0400


Started GET "/assets/twitter/bootstrap/popover.self-cd672ecad3b549e1dbd89bfd044e5812d6fdade56f42d48e3acee0c3f4614526.js?body=1" for ::1 at 2016-07-14 12:18:51 -0400


Started GET "/assets/twitter/bootstrap/button.self-ceb562de883e04359bb2c06f07bdf6ecf065cc8a5027e2e58857c5e91b0b68e3.js?body=1" for ::1 at 2016-07-14 12:18:51 -0400


Started GET "/assets/twitter/bootstrap/collapse.self-a87553101c955a01e2e8c81fad69a16582ddbf58fe95d5eb335dde5567af7647.js?body=1" for ::1 at 2016-07-14 12:18:51 -0400


Started GET "/assets/twitter/bootstrap/carousel.self-5d09995e01b647168888180d40e271f9a6759d68ae7ac029d7026af58813d376.js?body=1" for ::1 at 2016-07-14 12:18:51 -0400


Started GET "/assets/twitter/bootstrap/affix.self-14e04bbe71282aa039322ab93e3a3a886ddede5f59a2f365f7c861f697bbeb21.js?body=1" for ::1 at 2016-07-14 12:18:51 -0400


Started GET "/assets/twitter/bootstrap.self-fbfa5ad7d9aa0afe439ec4ff3883acc4cb92b62cb67c40d674320c9aa1d4642d.js?body=1" for ::1 at 2016-07-14 12:18:51 -0400


Started GET "/assets/init.self-7231e4ea221b05710e39669cd2a7eb22e43416ad0b826eae25a2516d039dec4c.js?body=1" for ::1 at 2016-07-14 12:18:51 -0400


Started GET "/assets/bootstrap.self-5afe7e91ef3675e2be97b8d060a7f3755d6dbc615b76df476df55143da70679f.js?body=1" for ::1 at 2016-07-14 12:18:51 -0400


Started GET "/assets/application.self-f8806224e027f3e3f0138ea9ce99319e298dfdb323304d1f1be6eae8e8c74724.js?body=1" for ::1 at 2016-07-14 12:18:51 -0400


Started GET "/assets/jquery.self-a714331225dda820228db323939889f149aec0127aeb06255646b616ba1ca419.js?body=1" for ::1 at 2016-07-14 12:18:51 -0400


Started GET "/assets/pokemon.self-c25a93e57526e1eb266a2040d94d0403e2105709cec89dc3049b82f679e563f4.js?body=1" for ::1 at 2016-07-14 12:18:51 -0400


Started GET "/api/pokemon/8" for ::1 at 2016-07-14 12:18:52 -0400
Processing by PokemonApiController#forward as */*
  Parameters: {"uri"=>"pokemon/8"}
Completed 200 OK in 2ms (Views: 0.1ms | ActiveRecord: 0.0ms)


Started GET "/api/pokemon/11" for ::1 at 2016-07-14 12:18:57 -0400
Processing by PokemonApiController#forward as */*
  Parameters: {"uri"=>"pokemon/11"}
Completed 200 OK in 9ms (Views: 0.1ms | ActiveRecord: 0.0ms)


Started GET "/" for ::1 at 2016-07-14 12:19:33 -0400
Processing by PokemonController#index as HTML
  Rendered pokemon/index.html.erb within layouts/application (4.8ms)
Completed 200 OK in 284ms (Views: 279.7ms | ActiveRecord: 0.0ms)


Started GET "/assets/twitter-bootstrap-static/bootstrap.self-77d963462a71b85aa6c39f0110994006fed4301154d937da52eb3884ff813853.css?body=1" for ::1 at 2016-07-14 12:19:34 -0400


Started GET "/assets/bootstrap_and_overrides.self-2cb3834583dfbaf0a39c7139750bf963e05d79cbe811126997e013400be5d8dc.css?body=1" for ::1 at 2016-07-14 12:19:34 -0400


Started GET "/assets/pokemon.self-cbb9ca64f2c126ce97f08942ecd179fc66a92674c3aa684de01395b2d93a9fb0.css?body=1" for ::1 at 2016-07-14 12:19:34 -0400


Started GET "/assets/twitter-bootstrap-static/fontawesome.self-c1a8821f7eb1b195061d7706930814ecc6bd44db4c68f208da5fe14845fa11ea.css?body=1" for ::1 at 2016-07-14 12:19:34 -0400


Started GET "/assets/application.self-e80e8f2318043e8af94dddc2adad5a4f09739a8ebb323b3ab31cd71d45fd9113.css?body=1" for ::1 at 2016-07-14 12:19:34 -0400


Started GET "/assets/pokemon_api.self-e3b0c44298fc1c149afbf4c8996fb92427ae41e4649b934ca495991b7852b855.css?body=1" for ::1 at 2016-07-14 12:19:34 -0400


Started GET "/assets/twitter/bootstrap/transition.self-db278e3a8fa6249c16796b113ebd29e11ef4e2cd021618ed84895d524a4511e0.js?body=1" for ::1 at 2016-07-14 12:19:34 -0400


Started GET "/assets/jquery_ujs.self-d456baa54c1fa6be2ec3711f0a72ddf7a5b2f34a6b4f515f33767d6207b7d4b3.js?body=1" for ::1 at 2016-07-14 12:19:34 -0400


Started GET "/assets/jquery.self-a714331225dda820228db323939889f149aec0127aeb06255646b616ba1ca419.js?body=1" for ::1 at 2016-07-14 12:19:34 -0400


Started GET "/assets/twitter/bootstrap/alert.self-ebce91ec66c71bcee451ea7da9128fd1bf8faa02c6d22ea04c598423431e4c08.js?body=1" for ::1 at 2016-07-14 12:19:34 -0400


Started GET "/assets/twitter/bootstrap/modal.self-ab1767545e27c0dbd36971e656ae4927171f673e3d932cdec2cbef39e991952b.js?body=1" for ::1 at 2016-07-14 12:19:34 -0400


Started GET "/assets/twitter/bootstrap/dropdown.self-8bb9309b6c24a4ba6b94026a049d25b13bdc0553b6fe83255c14a715ba624cc4.js?body=1" for ::1 at 2016-07-14 12:19:34 -0400


Started GET "/assets/twitter/bootstrap/scrollspy.self-bd0c6724cdc75302fe98dfeff923112b76c1673cf4a0752a7050b7feea15594c.js?body=1" for ::1 at 2016-07-14 12:19:34 -0400


Started GET "/assets/twitter/bootstrap/tab.self-7e3ee4a243bb416b5f0111a0be08f8547c5d72ba71fe4afe4a4a007f5cb4e10e.js?body=1" for ::1 at 2016-07-14 12:19:34 -0400


Started GET "/assets/twitter/bootstrap/popover.self-cd672ecad3b549e1dbd89bfd044e5812d6fdade56f42d48e3acee0c3f4614526.js?body=1" for ::1 at 2016-07-14 12:19:34 -0400


Started GET "/assets/twitter/bootstrap/tooltip.self-d7f9330825307d053f68da11bb9ddc9b070df72deef3d115f2f3d55f66b17457.js?body=1" for ::1 at 2016-07-14 12:19:34 -0400


Started GET "/assets/twitter/bootstrap/button.self-ceb562de883e04359bb2c06f07bdf6ecf065cc8a5027e2e58857c5e91b0b68e3.js?body=1" for ::1 at 2016-07-14 12:19:34 -0400


Started GET "/assets/twitter/bootstrap/collapse.self-a87553101c955a01e2e8c81fad69a16582ddbf58fe95d5eb335dde5567af7647.js?body=1" for ::1 at 2016-07-14 12:19:34 -0400


Started GET "/assets/twitter/bootstrap/carousel.self-5d09995e01b647168888180d40e271f9a6759d68ae7ac029d7026af58813d376.js?body=1" for ::1 at 2016-07-14 12:19:34 -0400


Started GET "/assets/twitter/bootstrap/affix.self-14e04bbe71282aa039322ab93e3a3a886ddede5f59a2f365f7c861f697bbeb21.js?body=1" for ::1 at 2016-07-14 12:19:34 -0400


Started GET "/assets/twitter/bootstrap.self-fbfa5ad7d9aa0afe439ec4ff3883acc4cb92b62cb67c40d674320c9aa1d4642d.js?body=1" for ::1 at 2016-07-14 12:19:34 -0400


Started GET "/assets/init.self-7231e4ea221b05710e39669cd2a7eb22e43416ad0b826eae25a2516d039dec4c.js?body=1" for ::1 at 2016-07-14 12:19:34 -0400


Started GET "/assets/bootstrap.self-5afe7e91ef3675e2be97b8d060a7f3755d6dbc615b76df476df55143da70679f.js?body=1" for ::1 at 2016-07-14 12:19:34 -0400


Started GET "/assets/application.self-f8806224e027f3e3f0138ea9ce99319e298dfdb323304d1f1be6eae8e8c74724.js?body=1" for ::1 at 2016-07-14 12:19:34 -0400


Started GET "/assets/pokemon.self-be1f6c030c049f2379e17a75ec24ebe3ba9cf233ace9ff2766d3110e83f2bf0d.js?body=1" for ::1 at 2016-07-14 12:19:34 -0400


Started GET "/api/pokemon/18" for ::1 at 2016-07-14 12:19:35 -0400
Processing by PokemonApiController#forward as */*
  Parameters: {"uri"=>"pokemon/18"}
Completed 200 OK in 20917ms (Views: 0.1ms | ActiveRecord: 0.0ms)


Started GET "/api/pokemon/18" for ::1 at 2016-07-14 12:19:56 -0400
Processing by PokemonApiController#forward as */*
  Parameters: {"uri"=>"pokemon/18"}
Completed 200 OK in 4ms (Views: 0.1ms | ActiveRecord: 0.0ms)


Started GET "/api/pokemon/24" for ::1 at 2016-07-14 12:19:58 -0400
Processing by PokemonApiController#forward as */*
  Parameters: {"uri"=>"pokemon/24"}
Completed 200 OK in 16545ms (Views: 0.1ms | ActiveRecord: 0.0ms)


Started GET "/" for ::1 at 2016-07-14 12:20:27 -0400
Processing by PokemonController#index as HTML
  Rendered pokemon/index.html.erb within layouts/application (4.2ms)
Completed 200 OK in 287ms (Views: 281.2ms | ActiveRecord: 0.0ms)


Started GET "/assets/twitter-bootstrap-static/fontawesome.self-c1a8821f7eb1b195061d7706930814ecc6bd44db4c68f208da5fe14845fa11ea.css?body=1" for ::1 at 2016-07-14 12:20:28 -0400


Started GET "/assets/twitter-bootstrap-static/bootstrap.self-77d963462a71b85aa6c39f0110994006fed4301154d937da52eb3884ff813853.css?body=1" for ::1 at 2016-07-14 12:20:28 -0400


Started GET "/assets/pokemon.self-cbb9ca64f2c126ce97f08942ecd179fc66a92674c3aa684de01395b2d93a9fb0.css?body=1" for ::1 at 2016-07-14 12:20:28 -0400


Started GET "/assets/application.self-e80e8f2318043e8af94dddc2adad5a4f09739a8ebb323b3ab31cd71d45fd9113.css?body=1" for ::1 at 2016-07-14 12:20:28 -0400


Started GET "/assets/pokemon_api.self-e3b0c44298fc1c149afbf4c8996fb92427ae41e4649b934ca495991b7852b855.css?body=1" for ::1 at 2016-07-14 12:20:28 -0400


Started GET "/assets/bootstrap_and_overrides.self-2cb3834583dfbaf0a39c7139750bf963e05d79cbe811126997e013400be5d8dc.css?body=1" for ::1 at 2016-07-14 12:20:28 -0400


Started GET "/assets/jquery_ujs.self-d456baa54c1fa6be2ec3711f0a72ddf7a5b2f34a6b4f515f33767d6207b7d4b3.js?body=1" for ::1 at 2016-07-14 12:20:28 -0400


Started GET "/assets/twitter/bootstrap/transition.self-db278e3a8fa6249c16796b113ebd29e11ef4e2cd021618ed84895d524a4511e0.js?body=1" for ::1 at 2016-07-14 12:20:28 -0400


Started GET "/assets/twitter/bootstrap/alert.self-ebce91ec66c71bcee451ea7da9128fd1bf8faa02c6d22ea04c598423431e4c08.js?body=1" for ::1 at 2016-07-14 12:20:28 -0400


Started GET "/assets/twitter/bootstrap/modal.self-ab1767545e27c0dbd36971e656ae4927171f673e3d932cdec2cbef39e991952b.js?body=1" for ::1 at 2016-07-14 12:20:28 -0400


Started GET "/assets/twitter/bootstrap/dropdown.self-8bb9309b6c24a4ba6b94026a049d25b13bdc0553b6fe83255c14a715ba624cc4.js?body=1" for ::1 at 2016-07-14 12:20:28 -0400


Started GET "/assets/twitter/bootstrap/tab.self-7e3ee4a243bb416b5f0111a0be08f8547c5d72ba71fe4afe4a4a007f5cb4e10e.js?body=1" for ::1 at 2016-07-14 12:20:28 -0400


Started GET "/assets/twitter/bootstrap/scrollspy.self-bd0c6724cdc75302fe98dfeff923112b76c1673cf4a0752a7050b7feea15594c.js?body=1" for ::1 at 2016-07-14 12:20:28 -0400


Started GET "/assets/twitter/bootstrap/tooltip.self-d7f9330825307d053f68da11bb9ddc9b070df72deef3d115f2f3d55f66b17457.js?body=1" for ::1 at 2016-07-14 12:20:28 -0400


Started GET "/assets/twitter/bootstrap/popover.self-cd672ecad3b549e1dbd89bfd044e5812d6fdade56f42d48e3acee0c3f4614526.js?body=1" for ::1 at 2016-07-14 12:20:28 -0400


Started GET "/assets/twitter/bootstrap/button.self-ceb562de883e04359bb2c06f07bdf6ecf065cc8a5027e2e58857c5e91b0b68e3.js?body=1" for ::1 at 2016-07-14 12:20:28 -0400


Started GET "/assets/twitter/bootstrap/collapse.self-a87553101c955a01e2e8c81fad69a16582ddbf58fe95d5eb335dde5567af7647.js?body=1" for ::1 at 2016-07-14 12:20:28 -0400


Started GET "/assets/twitter/bootstrap/carousel.self-5d09995e01b647168888180d40e271f9a6759d68ae7ac029d7026af58813d376.js?body=1" for ::1 at 2016-07-14 12:20:28 -0400


Started GET "/assets/twitter/bootstrap/affix.self-14e04bbe71282aa039322ab93e3a3a886ddede5f59a2f365f7c861f697bbeb21.js?body=1" for ::1 at 2016-07-14 12:20:28 -0400


Started GET "/assets/twitter/bootstrap.self-fbfa5ad7d9aa0afe439ec4ff3883acc4cb92b62cb67c40d674320c9aa1d4642d.js?body=1" for ::1 at 2016-07-14 12:20:28 -0400


Started GET "/assets/init.self-7231e4ea221b05710e39669cd2a7eb22e43416ad0b826eae25a2516d039dec4c.js?body=1" for ::1 at 2016-07-14 12:20:28 -0400


Started GET "/assets/bootstrap.self-5afe7e91ef3675e2be97b8d060a7f3755d6dbc615b76df476df55143da70679f.js?body=1" for ::1 at 2016-07-14 12:20:28 -0400


Started GET "/assets/application.self-f8806224e027f3e3f0138ea9ce99319e298dfdb323304d1f1be6eae8e8c74724.js?body=1" for ::1 at 2016-07-14 12:20:28 -0400


Started GET "/assets/jquery.self-a714331225dda820228db323939889f149aec0127aeb06255646b616ba1ca419.js?body=1" for ::1 at 2016-07-14 12:20:28 -0400


Started GET "/assets/pokemon.self-2ed845a689528218846a798949330b140e4a39a5ea3af576f96dadb9f25ce706.js?body=1" for ::1 at 2016-07-14 12:20:28 -0400


Started GET "/api/pokemon/15" for ::1 at 2016-07-14 12:20:29 -0400
Processing by PokemonApiController#forward as */*
  Parameters: {"uri"=>"pokemon/15"}
Completed 200 OK in 461ms (Views: 0.1ms | ActiveRecord: 0.0ms)


Started GET "/api/pokemon/26" for ::1 at 2016-07-14 12:20:33 -0400
Processing by PokemonApiController#forward as */*
  Parameters: {"uri"=>"pokemon/26"}
Completed 200 OK in 1775ms (Views: 0.1ms | ActiveRecord: 0.0ms)


Started GET "/api/pokemon/31" for ::1 at 2016-07-14 12:20:38 -0400
Processing by PokemonApiController#forward as */*
  Parameters: {"uri"=>"pokemon/31"}
Completed 200 OK in 692ms (Views: 0.1ms | ActiveRecord: 0.0ms)


Started GET "/api/pokemon/42" for ::1 at 2016-07-14 12:20:42 -0400
Processing by PokemonApiController#forward as */*
  Parameters: {"uri"=>"pokemon/42"}
Completed 200 OK in 402ms (Views: 0.1ms | ActiveRecord: 0.0ms)


Started GET "/api/pokemon/49" for ::1 at 2016-07-14 12:20:45 -0400
Processing by PokemonApiController#forward as */*
  Parameters: {"uri"=>"pokemon/49"}
Completed 200 OK in 531ms (Views: 0.1ms | ActiveRecord: 0.0ms)


Started GET "/" for ::1 at 2016-07-14 12:21:09 -0400
Processing by PokemonController#index as HTML
  Rendered pokemon/index.html.erb within layouts/application (3.7ms)
Completed 200 OK in 268ms (Views: 256.1ms | ActiveRecord: 0.0ms)


Started GET "/assets/twitter-bootstrap-static/bootstrap.self-77d963462a71b85aa6c39f0110994006fed4301154d937da52eb3884ff813853.css?body=1" for ::1 at 2016-07-14 12:21:09 -0400


Started GET "/assets/twitter-bootstrap-static/fontawesome.self-c1a8821f7eb1b195061d7706930814ecc6bd44db4c68f208da5fe14845fa11ea.css?body=1" for ::1 at 2016-07-14 12:21:09 -0400


Started GET "/assets/bootstrap_and_overrides.self-2cb3834583dfbaf0a39c7139750bf963e05d79cbe811126997e013400be5d8dc.css?body=1" for ::1 at 2016-07-14 12:21:09 -0400


Started GET "/assets/pokemon.self-cbb9ca64f2c126ce97f08942ecd179fc66a92674c3aa684de01395b2d93a9fb0.css?body=1" for ::1 at 2016-07-14 12:21:09 -0400


Started GET "/assets/application.self-e80e8f2318043e8af94dddc2adad5a4f09739a8ebb323b3ab31cd71d45fd9113.css?body=1" for ::1 at 2016-07-14 12:21:09 -0400


Started GET "/assets/pokemon_api.self-e3b0c44298fc1c149afbf4c8996fb92427ae41e4649b934ca495991b7852b855.css?body=1" for ::1 at 2016-07-14 12:21:09 -0400


Started GET "/assets/twitter/bootstrap/transition.self-db278e3a8fa6249c16796b113ebd29e11ef4e2cd021618ed84895d524a4511e0.js?body=1" for ::1 at 2016-07-14 12:21:09 -0400


Started GET "/assets/jquery_ujs.self-d456baa54c1fa6be2ec3711f0a72ddf7a5b2f34a6b4f515f33767d6207b7d4b3.js?body=1" for ::1 at 2016-07-14 12:21:09 -0400


Started GET "/assets/twitter/bootstrap/alert.self-ebce91ec66c71bcee451ea7da9128fd1bf8faa02c6d22ea04c598423431e4c08.js?body=1" for ::1 at 2016-07-14 12:21:09 -0400


Started GET "/assets/twitter/bootstrap/modal.self-ab1767545e27c0dbd36971e656ae4927171f673e3d932cdec2cbef39e991952b.js?body=1" for ::1 at 2016-07-14 12:21:09 -0400


Started GET "/assets/twitter/bootstrap/dropdown.self-8bb9309b6c24a4ba6b94026a049d25b13bdc0553b6fe83255c14a715ba624cc4.js?body=1" for ::1 at 2016-07-14 12:21:09 -0400


Started GET "/assets/twitter/bootstrap/scrollspy.self-bd0c6724cdc75302fe98dfeff923112b76c1673cf4a0752a7050b7feea15594c.js?body=1" for ::1 at 2016-07-14 12:21:09 -0400


Started GET "/assets/twitter/bootstrap/tab.self-7e3ee4a243bb416b5f0111a0be08f8547c5d72ba71fe4afe4a4a007f5cb4e10e.js?body=1" for ::1 at 2016-07-14 12:21:09 -0400


Started GET "/assets/twitter/bootstrap/tooltip.self-d7f9330825307d053f68da11bb9ddc9b070df72deef3d115f2f3d55f66b17457.js?body=1" for ::1 at 2016-07-14 12:21:09 -0400


Started GET "/assets/twitter/bootstrap/popover.self-cd672ecad3b549e1dbd89bfd044e5812d6fdade56f42d48e3acee0c3f4614526.js?body=1" for ::1 at 2016-07-14 12:21:09 -0400


Started GET "/assets/twitter/bootstrap/button.self-ceb562de883e04359bb2c06f07bdf6ecf065cc8a5027e2e58857c5e91b0b68e3.js?body=1" for ::1 at 2016-07-14 12:21:09 -0400


Started GET "/assets/twitter/bootstrap/collapse.self-a87553101c955a01e2e8c81fad69a16582ddbf58fe95d5eb335dde5567af7647.js?body=1" for ::1 at 2016-07-14 12:21:09 -0400


Started GET "/assets/twitter/bootstrap/carousel.self-5d09995e01b647168888180d40e271f9a6759d68ae7ac029d7026af58813d376.js?body=1" for ::1 at 2016-07-14 12:21:09 -0400


Started GET "/assets/twitter/bootstrap/affix.self-14e04bbe71282aa039322ab93e3a3a886ddede5f59a2f365f7c861f697bbeb21.js?body=1" for ::1 at 2016-07-14 12:21:09 -0400


Started GET "/assets/twitter/bootstrap.self-fbfa5ad7d9aa0afe439ec4ff3883acc4cb92b62cb67c40d674320c9aa1d4642d.js?body=1" for ::1 at 2016-07-14 12:21:09 -0400


Started GET "/assets/jquery.self-a714331225dda820228db323939889f149aec0127aeb06255646b616ba1ca419.js?body=1" for ::1 at 2016-07-14 12:21:09 -0400


Started GET "/assets/init.self-7231e4ea221b05710e39669cd2a7eb22e43416ad0b826eae25a2516d039dec4c.js?body=1" for ::1 at 2016-07-14 12:21:09 -0400


Started GET "/assets/bootstrap.self-5afe7e91ef3675e2be97b8d060a7f3755d6dbc615b76df476df55143da70679f.js?body=1" for ::1 at 2016-07-14 12:21:10 -0400


Started GET "/assets/application.self-f8806224e027f3e3f0138ea9ce99319e298dfdb323304d1f1be6eae8e8c74724.js?body=1" for ::1 at 2016-07-14 12:21:10 -0400


Started GET "/assets/pokemon.self-f86c2ca98ed93f34531ce402aa9f039febc5cd49503ce7b45e7fd7002fc5fa1f.js?body=1" for ::1 at 2016-07-14 12:21:10 -0400


Started GET "/api/pokemon/49" for ::1 at 2016-07-14 12:21:10 -0400
Processing by PokemonApiController#forward as */*
  Parameters: {"uri"=>"pokemon/49"}
Completed 200 OK in 9ms (Views: 0.1ms | ActiveRecord: 0.0ms)


Started GET "/api/pokemon/42" for ::1 at 2016-07-14 12:21:13 -0400
Processing by PokemonApiController#forward as */*
  Parameters: {"uri"=>"pokemon/42"}
Completed 200 OK in 16ms (Views: 0.1ms | ActiveRecord: 0.0ms)


Started GET "/api/pokemon/40" for ::1 at 2016-07-14 12:21:15 -0400
Processing by PokemonApiController#forward as */*
  Parameters: {"uri"=>"pokemon/40"}
Completed 200 OK in 545ms (Views: 0.1ms | ActiveRecord: 0.0ms)


Started GET "/api/pokemon/41" for ::1 at 2016-07-14 12:21:21 -0400
Processing by PokemonApiController#forward as */*
  Parameters: {"uri"=>"pokemon/41"}
Completed 200 OK in 363ms (Views: 0.1ms | ActiveRecord: 0.0ms)


Started GET "/api/pokemon/43" for ::1 at 2016-07-14 12:21:26 -0400
Processing by PokemonApiController#forward as */*
  Parameters: {"uri"=>"pokemon/43"}
Completed 200 OK in 658ms (Views: 0.1ms | ActiveRecord: 0.0ms)


Started GET "/api/pokemon/46" for ::1 at 2016-07-14 12:21:30 -0400
Processing by PokemonApiController#forward as */*
  Parameters: {"uri"=>"pokemon/46"}
Completed 200 OK in 645ms (Views: 0.1ms | ActiveRecord: 0.0ms)


Started GET "/api/pokemon/56" for ::1 at 2016-07-14 12:24:22 -0400
Processing by PokemonApiController#forward as */*
  Parameters: {"uri"=>"pokemon/56"}
Completed 200 OK in 1059ms (Views: 0.1ms | ActiveRecord: 0.0ms)


Started GET "/api/pokemon/50" for ::1 at 2016-07-14 12:24:33 -0400
Processing by PokemonApiController#forward as */*
  Parameters: {"uri"=>"pokemon/50"}
Completed 200 OK in 519ms (Views: 0.1ms | ActiveRecord: 0.0ms)


Started GET "/" for ::1 at 2016-07-14 12:31:01 -0400
Processing by PokemonController#index as HTML
  Rendered pokemon/index.html.erb within layouts/application (12.9ms)
Completed 200 OK in 759ms (Views: 739.4ms | ActiveRecord: 0.0ms)


Started GET "/assets/jquery.self-a714331225dda820228db323939889f149aec0127aeb06255646b616ba1ca419.js?body=1" for ::1 at 2016-07-14 12:31:03 -0400


Started GET "/assets/pokemon.self-2b415ab050b5817a4e5c014ae820338d811ed1ec0a576c21375e051323dcaa96.js?body=1" for ::1 at 2016-07-14 12:31:03 -0400


Started GET "/api/pokemon/8" for ::1 at 2016-07-14 12:31:05 -0400
Processing by PokemonApiController#forward as */*
  Parameters: {"uri"=>"pokemon/8"}
Completed 200 OK in 9ms (Views: 0.2ms | ActiveRecord: 0.0ms)


Started GET "/" for ::1 at 2016-07-14 12:32:53 -0400
Processing by PokemonController#index as HTML
  Rendered pokemon/index.html.erb within layouts/application (5.5ms)
Completed 200 OK in 486ms (Views: 478.1ms | ActiveRecord: 0.0ms)


Started GET "/assets/twitter-bootstrap-static/bootstrap.self-77d963462a71b85aa6c39f0110994006fed4301154d937da52eb3884ff813853.css?body=1" for ::1 at 2016-07-14 12:32:54 -0400


Started GET "/assets/twitter-bootstrap-static/fontawesome.self-c1a8821f7eb1b195061d7706930814ecc6bd44db4c68f208da5fe14845fa11ea.css?body=1" for ::1 at 2016-07-14 12:32:54 -0400


Started GET "/assets/application.self-e80e8f2318043e8af94dddc2adad5a4f09739a8ebb323b3ab31cd71d45fd9113.css?body=1" for ::1 at 2016-07-14 12:32:54 -0400


Started GET "/assets/pokemon.self-cbb9ca64f2c126ce97f08942ecd179fc66a92674c3aa684de01395b2d93a9fb0.css?body=1" for ::1 at 2016-07-14 12:32:54 -0400


Started GET "/assets/pokemon_api.self-e3b0c44298fc1c149afbf4c8996fb92427ae41e4649b934ca495991b7852b855.css?body=1" for ::1 at 2016-07-14 12:32:54 -0400


Started GET "/assets/bootstrap_and_overrides.self-2cb3834583dfbaf0a39c7139750bf963e05d79cbe811126997e013400be5d8dc.css?body=1" for ::1 at 2016-07-14 12:32:54 -0400


Started GET "/assets/jquery_ujs.self-d456baa54c1fa6be2ec3711f0a72ddf7a5b2f34a6b4f515f33767d6207b7d4b3.js?body=1" for ::1 at 2016-07-14 12:32:54 -0400


Started GET "/assets/twitter/bootstrap/alert.self-ebce91ec66c71bcee451ea7da9128fd1bf8faa02c6d22ea04c598423431e4c08.js?body=1" for ::1 at 2016-07-14 12:32:54 -0400


Started GET "/assets/twitter/bootstrap/transition.self-db278e3a8fa6249c16796b113ebd29e11ef4e2cd021618ed84895d524a4511e0.js?body=1" for ::1 at 2016-07-14 12:32:54 -0400


Started GET "/assets/twitter/bootstrap/modal.self-ab1767545e27c0dbd36971e656ae4927171f673e3d932cdec2cbef39e991952b.js?body=1" for ::1 at 2016-07-14 12:32:54 -0400


Started GET "/assets/twitter/bootstrap/dropdown.self-8bb9309b6c24a4ba6b94026a049d25b13bdc0553b6fe83255c14a715ba624cc4.js?body=1" for ::1 at 2016-07-14 12:32:54 -0400


Started GET "/assets/twitter/bootstrap/scrollspy.self-bd0c6724cdc75302fe98dfeff923112b76c1673cf4a0752a7050b7feea15594c.js?body=1" for ::1 at 2016-07-14 12:32:54 -0400


Started GET "/assets/twitter/bootstrap/tooltip.self-d7f9330825307d053f68da11bb9ddc9b070df72deef3d115f2f3d55f66b17457.js?body=1" for ::1 at 2016-07-14 12:32:54 -0400


Started GET "/assets/twitter/bootstrap/tab.self-7e3ee4a243bb416b5f0111a0be08f8547c5d72ba71fe4afe4a4a007f5cb4e10e.js?body=1" for ::1 at 2016-07-14 12:32:54 -0400


Started GET "/assets/twitter/bootstrap/popover.self-cd672ecad3b549e1dbd89bfd044e5812d6fdade56f42d48e3acee0c3f4614526.js?body=1" for ::1 at 2016-07-14 12:32:54 -0400


Started GET "/assets/twitter/bootstrap/button.self-ceb562de883e04359bb2c06f07bdf6ecf065cc8a5027e2e58857c5e91b0b68e3.js?body=1" for ::1 at 2016-07-14 12:32:54 -0400


Started GET "/assets/twitter/bootstrap/collapse.self-a87553101c955a01e2e8c81fad69a16582ddbf58fe95d5eb335dde5567af7647.js?body=1" for ::1 at 2016-07-14 12:32:54 -0400


Started GET "/assets/twitter/bootstrap/carousel.self-5d09995e01b647168888180d40e271f9a6759d68ae7ac029d7026af58813d376.js?body=1" for ::1 at 2016-07-14 12:32:54 -0400


Started GET "/assets/twitter/bootstrap/affix.self-14e04bbe71282aa039322ab93e3a3a886ddede5f59a2f365f7c861f697bbeb21.js?body=1" for ::1 at 2016-07-14 12:32:54 -0400


Started GET "/assets/twitter/bootstrap.self-fbfa5ad7d9aa0afe439ec4ff3883acc4cb92b62cb67c40d674320c9aa1d4642d.js?body=1" for ::1 at 2016-07-14 12:32:54 -0400


Started GET "/assets/bootstrap.self-5afe7e91ef3675e2be97b8d060a7f3755d6dbc615b76df476df55143da70679f.js?body=1" for ::1 at 2016-07-14 12:32:54 -0400


Started GET "/assets/init.self-7231e4ea221b05710e39669cd2a7eb22e43416ad0b826eae25a2516d039dec4c.js?body=1" for ::1 at 2016-07-14 12:32:54 -0400


Started GET "/assets/application.self-f8806224e027f3e3f0138ea9ce99319e298dfdb323304d1f1be6eae8e8c74724.js?body=1" for ::1 at 2016-07-14 12:32:54 -0400


Started GET "/assets/jquery.self-a714331225dda820228db323939889f149aec0127aeb06255646b616ba1ca419.js?body=1" for ::1 at 2016-07-14 12:32:54 -0400


Started GET "/assets/pokemon.self-88fdb38575c964c133888677fbbbecf70184008e7472c49ca4fd8d97c2647663.js?body=1" for ::1 at 2016-07-14 12:32:54 -0400


Started GET "/api/pokemon/8" for ::1 at 2016-07-14 12:32:55 -0400
Processing by PokemonApiController#forward as */*
  Parameters: {"uri"=>"pokemon/8"}
Completed 200 OK in 3ms (Views: 0.1ms | ActiveRecord: 0.0ms)


Started GET "/" for ::1 at 2016-07-14 12:33:23 -0400
Processing by PokemonController#index as HTML
  Rendered pokemon/index.html.erb within layouts/application (10.1ms)
Completed 200 OK in 263ms (Views: 258.3ms | ActiveRecord: 0.0ms)


Started GET "/assets/twitter-bootstrap-static/bootstrap.self-77d963462a71b85aa6c39f0110994006fed4301154d937da52eb3884ff813853.css?body=1" for ::1 at 2016-07-14 12:33:23 -0400


Started GET "/assets/bootstrap_and_overrides.self-2cb3834583dfbaf0a39c7139750bf963e05d79cbe811126997e013400be5d8dc.css?body=1" for ::1 at 2016-07-14 12:33:23 -0400


Started GET "/assets/pokemon.self-cbb9ca64f2c126ce97f08942ecd179fc66a92674c3aa684de01395b2d93a9fb0.css?body=1" for ::1 at 2016-07-14 12:33:23 -0400


Started GET "/assets/twitter-bootstrap-static/fontawesome.self-c1a8821f7eb1b195061d7706930814ecc6bd44db4c68f208da5fe14845fa11ea.css?body=1" for ::1 at 2016-07-14 12:33:23 -0400


Started GET "/assets/application.self-e80e8f2318043e8af94dddc2adad5a4f09739a8ebb323b3ab31cd71d45fd9113.css?body=1" for ::1 at 2016-07-14 12:33:23 -0400


Started GET "/assets/pokemon_api.self-e3b0c44298fc1c149afbf4c8996fb92427ae41e4649b934ca495991b7852b855.css?body=1" for ::1 at 2016-07-14 12:33:23 -0400


Started GET "/assets/twitter/bootstrap/modal.self-ab1767545e27c0dbd36971e656ae4927171f673e3d932cdec2cbef39e991952b.js?body=1" for ::1 at 2016-07-14 12:33:23 -0400


Started GET "/assets/twitter/bootstrap/dropdown.self-8bb9309b6c24a4ba6b94026a049d25b13bdc0553b6fe83255c14a715ba624cc4.js?body=1" for ::1 at 2016-07-14 12:33:23 -0400


Started GET "/assets/twitter/bootstrap/transition.self-db278e3a8fa6249c16796b113ebd29e11ef4e2cd021618ed84895d524a4511e0.js?body=1" for ::1 at 2016-07-14 12:33:23 -0400


Started GET "/assets/twitter/bootstrap/scrollspy.self-bd0c6724cdc75302fe98dfeff923112b76c1673cf4a0752a7050b7feea15594c.js?body=1" for ::1 at 2016-07-14 12:33:23 -0400


Started GET "/assets/jquery.self-a714331225dda820228db323939889f149aec0127aeb06255646b616ba1ca419.js?body=1" for ::1 at 2016-07-14 12:33:23 -0400


Started GET "/assets/twitter/bootstrap/tab.self-7e3ee4a243bb416b5f0111a0be08f8547c5d72ba71fe4afe4a4a007f5cb4e10e.js?body=1" for ::1 at 2016-07-14 12:33:23 -0400


Started GET "/assets/twitter/bootstrap/alert.self-ebce91ec66c71bcee451ea7da9128fd1bf8faa02c6d22ea04c598423431e4c08.js?body=1" for ::1 at 2016-07-14 12:33:23 -0400


Started GET "/assets/twitter/bootstrap/tooltip.self-d7f9330825307d053f68da11bb9ddc9b070df72deef3d115f2f3d55f66b17457.js?body=1" for ::1 at 2016-07-14 12:33:23 -0400


Started GET "/assets/twitter/bootstrap/popover.self-cd672ecad3b549e1dbd89bfd044e5812d6fdade56f42d48e3acee0c3f4614526.js?body=1" for ::1 at 2016-07-14 12:33:23 -0400


Started GET "/assets/twitter/bootstrap/button.self-ceb562de883e04359bb2c06f07bdf6ecf065cc8a5027e2e58857c5e91b0b68e3.js?body=1" for ::1 at 2016-07-14 12:33:23 -0400


Started GET "/assets/twitter/bootstrap/collapse.self-a87553101c955a01e2e8c81fad69a16582ddbf58fe95d5eb335dde5567af7647.js?body=1" for ::1 at 2016-07-14 12:33:23 -0400


Started GET "/assets/twitter/bootstrap/carousel.self-5d09995e01b647168888180d40e271f9a6759d68ae7ac029d7026af58813d376.js?body=1" for ::1 at 2016-07-14 12:33:23 -0400


Started GET "/assets/jquery_ujs.self-d456baa54c1fa6be2ec3711f0a72ddf7a5b2f34a6b4f515f33767d6207b7d4b3.js?body=1" for ::1 at 2016-07-14 12:33:23 -0400


Started GET "/assets/twitter/bootstrap/affix.self-14e04bbe71282aa039322ab93e3a3a886ddede5f59a2f365f7c861f697bbeb21.js?body=1" for ::1 at 2016-07-14 12:33:23 -0400


Started GET "/assets/init.self-7231e4ea221b05710e39669cd2a7eb22e43416ad0b826eae25a2516d039dec4c.js?body=1" for ::1 at 2016-07-14 12:33:23 -0400


Started GET "/assets/twitter/bootstrap.self-fbfa5ad7d9aa0afe439ec4ff3883acc4cb92b62cb67c40d674320c9aa1d4642d.js?body=1" for ::1 at 2016-07-14 12:33:23 -0400


Started GET "/assets/bootstrap.self-5afe7e91ef3675e2be97b8d060a7f3755d6dbc615b76df476df55143da70679f.js?body=1" for ::1 at 2016-07-14 12:33:24 -0400


Started GET "/assets/application.self-f8806224e027f3e3f0138ea9ce99319e298dfdb323304d1f1be6eae8e8c74724.js?body=1" for ::1 at 2016-07-14 12:33:24 -0400


Started GET "/assets/pokemon.self-2c032bd7bead052235945af7dc03e9748c53a3eb7f4c7321fd00d6ce6f0b1cd8.js?body=1" for ::1 at 2016-07-14 12:33:24 -0400


Started GET "/api/pokemon/8" for ::1 at 2016-07-14 12:33:25 -0400
Processing by PokemonApiController#forward as */*
  Parameters: {"uri"=>"pokemon/8"}
Completed 200 OK in 2ms (Views: 0.1ms | ActiveRecord: 0.0ms)
